<?xml version="1.0" encoding="UTF-8"?>
<testng-results skipped="0" failed="0" ignored="0" total="2" passed="2">
  <reporter-output>
  </reporter-output>
  <suite name="Default suite" duration-ms="62" started-at="2018-10-09T10:28:17Z" finished-at="2018-10-09T10:28:17Z">
    <groups>
    </groups>
    <test name="Default test" duration-ms="62" started-at="2018-10-09T10:28:17Z" finished-at="2018-10-09T10:28:17Z">
      <class name="testNG.test.day1">
        <test-method status="PASS" signature="FirstTest()[pri:0, instance:testNG.test.day1@8bd1b6a]" name="FirstTest" duration-ms="18" started-at="2018-10-09T10:28:17Z" finished-at="2018-10-09T10:28:17Z">
          <reporter-output>
          </reporter-output>
        </test-method> <!-- FirstTest -->
        <test-method status="PASS" signature="SecondTest()[pri:0, instance:testNG.test.day1@8bd1b6a]" name="SecondTest" duration-ms="2" started-at="2018-10-09T10:28:17Z" finished-at="2018-10-09T10:28:17Z">
          <reporter-output>
          </reporter-output>
        </test-method> <!-- SecondTest -->
      </class> <!-- testNG.test.day1 -->
    </test> <!-- Default test -->
  </suite> <!-- Default suite -->
</testng-results>
